{"/Users/amberleyromo/Desktop/vitamin-db/server/db.js":{"path":"/Users/amberleyromo/Desktop/vitamin-db/server/db.js","s":{"1":1,"2":1,"3":1,"4":1,"5":1,"6":1,"7":1,"8":1,"9":0,"10":0,"11":0,"12":0,"13":0,"14":0,"15":0,"16":0,"17":0,"18":0,"19":0,"20":0,"21":0,"22":0,"23":0,"24":0,"25":0,"26":0,"27":0,"28":0,"29":0,"30":0,"31":0,"32":0,"33":0,"34":0,"35":0,"36":0,"37":0},"b":{"1":[1,0],"2":[0,0],"3":[0,0]},"f":{"1":0,"2":0,"3":0,"4":0,"5":0,"6":0,"7":0,"8":0,"9":0,"10":0,"11":0,"12":0,"13":0,"14":0},"fnMap":{"1":{"name":"(anonymous_1)","line":14,"loc":{"start":{"line":14,"column":22},"end":{"line":14,"column":33}}},"2":{"name":"(anonymous_2)","line":22,"loc":{"start":{"line":22,"column":13},"end":{"line":22,"column":27}}},"3":{"name":"(anonymous_3)","line":26,"loc":{"start":{"line":26,"column":12},"end":{"line":26,"column":26}}},"4":{"name":"(anonymous_4)","line":30,"loc":{"start":{"line":30,"column":12},"end":{"line":30,"column":26}}},"5":{"name":"(anonymous_5)","line":34,"loc":{"start":{"line":34,"column":12},"end":{"line":34,"column":26}}},"6":{"name":"(anonymous_6)","line":38,"loc":{"start":{"line":38,"column":12},"end":{"line":38,"column":26}}},"7":{"name":"(anonymous_7)","line":42,"loc":{"start":{"line":42,"column":12},"end":{"line":42,"column":26}}},"8":{"name":"(anonymous_8)","line":46,"loc":{"start":{"line":46,"column":12},"end":{"line":46,"column":26}}},"9":{"name":"(anonymous_9)","line":50,"loc":{"start":{"line":50,"column":12},"end":{"line":50,"column":26}}},"10":{"name":"(anonymous_10)","line":54,"loc":{"start":{"line":54,"column":12},"end":{"line":54,"column":26}}},"11":{"name":"(anonymous_11)","line":58,"loc":{"start":{"line":58,"column":12},"end":{"line":58,"column":26}}},"12":{"name":"(anonymous_12)","line":62,"loc":{"start":{"line":62,"column":12},"end":{"line":62,"column":26}}},"13":{"name":"(anonymous_13)","line":66,"loc":{"start":{"line":66,"column":12},"end":{"line":66,"column":26}}},"14":{"name":"(anonymous_14)","line":69,"loc":{"start":{"line":69,"column":13},"end":{"line":69,"column":29}}}},"statementMap":{"1":{"start":{"line":1,"column":0},"end":{"line":1,"column":38}},"2":{"start":{"line":2,"column":0},"end":{"line":2,"column":47}},"3":{"start":{"line":4,"column":0},"end":{"line":4,"column":47}},"4":{"start":{"line":6,"column":0},"end":{"line":6,"column":37}},"5":{"start":{"line":7,"column":0},"end":{"line":7,"column":33}},"6":{"start":{"line":9,"column":0},"end":{"line":9,"column":19}},"7":{"start":{"line":10,"column":0},"end":{"line":10,"column":27}},"8":{"start":{"line":14,"column":0},"end":{"line":74,"column":1}},"9":{"start":{"line":16,"column":1},"end":{"line":18,"column":2}},"10":{"start":{"line":17,"column":2},"end":{"line":17,"column":25}},"11":{"start":{"line":21,"column":4},"end":{"line":72,"column":8}},"12":{"start":{"line":23,"column":12},"end":{"line":23,"column":70}},"13":{"start":{"line":24,"column":10},"end":{"line":24,"column":34}},"14":{"start":{"line":27,"column":7},"end":{"line":27,"column":55}},"15":{"start":{"line":28,"column":12},"end":{"line":28,"column":39}},"16":{"start":{"line":31,"column":12},"end":{"line":31,"column":63}},"17":{"start":{"line":32,"column":7},"end":{"line":32,"column":42}},"18":{"start":{"line":35,"column":7},"end":{"line":35,"column":66}},"19":{"start":{"line":36,"column":7},"end":{"line":36,"column":42}},"20":{"start":{"line":39,"column":7},"end":{"line":39,"column":66}},"21":{"start":{"line":40,"column":12},"end":{"line":40,"column":45}},"22":{"start":{"line":43,"column":10},"end":{"line":43,"column":67}},"23":{"start":{"line":44,"column":7},"end":{"line":44,"column":38}},"24":{"start":{"line":47,"column":7},"end":{"line":47,"column":62}},"25":{"start":{"line":48,"column":7},"end":{"line":48,"column":37}},"26":{"start":{"line":51,"column":7},"end":{"line":51,"column":61}},"27":{"start":{"line":52,"column":7},"end":{"line":52,"column":34}},"28":{"start":{"line":55,"column":7},"end":{"line":55,"column":58}},"29":{"start":{"line":56,"column":7},"end":{"line":56,"column":36}},"30":{"start":{"line":59,"column":7},"end":{"line":59,"column":60}},"31":{"start":{"line":60,"column":7},"end":{"line":60,"column":38}},"32":{"start":{"line":63,"column":7},"end":{"line":63,"column":66}},"33":{"start":{"line":64,"column":7},"end":{"line":64,"column":34}},"34":{"start":{"line":67,"column":7},"end":{"line":67,"column":58}},"35":{"start":{"line":70,"column":7},"end":{"line":70,"column":50}},"36":{"start":{"line":71,"column":7},"end":{"line":71,"column":48}},"37":{"start":{"line":71,"column":36},"end":{"line":71,"column":47}}},"branchMap":{"1":{"line":2,"type":"binary-expr","locations":[{"start":{"line":2,"column":10},"end":{"line":2,"column":30}},{"start":{"line":2,"column":34},"end":{"line":2,"column":47}}]},"2":{"line":16,"type":"if","locations":[{"start":{"line":16,"column":1},"end":{"line":16,"column":1}},{"start":{"line":16,"column":1},"end":{"line":16,"column":1}}]},"3":{"line":71,"type":"if","locations":[{"start":{"line":71,"column":7},"end":{"line":71,"column":7}},{"start":{"line":71,"column":7},"end":{"line":71,"column":7}}]}}},"/Users/amberleyromo/Desktop/vitamin-db/knexfile.js":{"path":"/Users/amberleyromo/Desktop/vitamin-db/knexfile.js","s":{"1":1},"b":{},"f":{},"fnMap":{},"statementMap":{"1":{"start":{"line":5,"column":0},"end":{"line":33,"column":1}}},"branchMap":{}},"/Users/amberleyromo/Desktop/vitamin-db/server/models/auth.js":{"path":"/Users/amberleyromo/Desktop/vitamin-db/server/models/auth.js","s":{"1":1,"2":1,"3":1,"4":1,"5":1,"6":1,"7":1,"8":1,"9":1,"10":1,"11":0,"12":0,"13":0,"14":1,"15":0,"16":0,"17":0,"18":0,"19":0},"b":{"1":[1,0],"2":[0,0]},"f":{"1":0,"2":0,"3":0,"4":0,"5":0,"6":0},"fnMap":{"1":{"name":"(anonymous_1)","line":18,"loc":{"start":{"line":18,"column":19},"end":{"line":18,"column":38}}},"2":{"name":"(anonymous_2)","line":19,"loc":{"start":{"line":19,"column":21},"end":{"line":19,"column":47}}},"3":{"name":"(anonymous_3)","line":20,"loc":{"start":{"line":20,"column":59},"end":{"line":20,"column":75}}},"4":{"name":"(anonymous_4)","line":37,"loc":{"start":{"line":37,"column":19},"end":{"line":37,"column":35}}},"5":{"name":"(anonymous_5)","line":39,"loc":{"start":{"line":39,"column":10},"end":{"line":39,"column":28}}},"6":{"name":"(anonymous_6)","line":43,"loc":{"start":{"line":43,"column":11},"end":{"line":43,"column":25}}}},"statementMap":{"1":{"start":{"line":1,"column":0},"end":{"line":1,"column":35}},"2":{"start":{"line":2,"column":0},"end":{"line":2,"column":35}},"3":{"start":{"line":3,"column":0},"end":{"line":3,"column":39}},"4":{"start":{"line":6,"column":0},"end":{"line":6,"column":15}},"5":{"start":{"line":7,"column":0},"end":{"line":7,"column":21}},"6":{"start":{"line":9,"column":0},"end":{"line":9,"column":29}},"7":{"start":{"line":11,"column":0},"end":{"line":11,"column":28}},"8":{"start":{"line":12,"column":0},"end":{"line":12,"column":25}},"9":{"start":{"line":13,"column":0},"end":{"line":13,"column":78}},"10":{"start":{"line":18,"column":0},"end":{"line":25,"column":1}},"11":{"start":{"line":19,"column":1},"end":{"line":24,"column":3}},"12":{"start":{"line":20,"column":2},"end":{"line":23,"column":4}},"13":{"start":{"line":22,"column":4},"end":{"line":22,"column":18}},"14":{"start":{"line":37,"column":0},"end":{"line":50,"column":1}},"15":{"start":{"line":38,"column":1},"end":{"line":49,"column":5}},"16":{"start":{"line":41,"column":4},"end":{"line":41,"column":18}},"17":{"start":{"line":44,"column":4},"end":{"line":48,"column":5}},"18":{"start":{"line":45,"column":5},"end":{"line":45,"column":17}},"19":{"start":{"line":47,"column":5},"end":{"line":47,"column":14}}},"branchMap":{"1":{"line":13,"type":"cond-expr","locations":[{"start":{"line":13,"column":44},"end":{"line":13,"column":58}},{"start":{"line":13,"column":61},"end":{"line":13,"column":78}}]},"2":{"line":44,"type":"if","locations":[{"start":{"line":44,"column":4},"end":{"line":44,"column":4}},{"start":{"line":44,"column":4},"end":{"line":44,"column":4}}]}}},"/Users/amberleyromo/Desktop/vitamin-db/server/models/user.js":{"path":"/Users/amberleyromo/Desktop/vitamin-db/server/models/user.js","s":{"1":1,"2":1,"3":1,"4":1,"5":1,"6":1,"7":1,"8":1,"9":0,"10":0,"11":0,"12":0,"13":0,"14":0,"15":0,"16":0,"17":1,"18":0,"19":0,"20":0,"21":0,"22":0,"23":0,"24":1,"25":0,"26":0,"27":0,"28":0,"29":1,"30":0,"31":0,"32":1,"33":0,"34":0,"35":1,"36":0,"37":0,"38":1,"39":0,"40":0,"41":1,"42":0,"43":1,"44":0,"45":0},"b":{},"f":{"1":0,"2":0,"3":0,"4":0,"5":0,"6":0,"7":0,"8":0,"9":0,"10":0,"11":0,"12":0,"13":0,"14":0,"15":0,"16":0,"17":0,"18":0,"19":0,"20":0},"fnMap":{"1":{"name":"(anonymous_1)","line":64,"loc":{"start":{"line":64,"column":18},"end":{"line":64,"column":34}}},"2":{"name":"(anonymous_2)","line":66,"loc":{"start":{"line":66,"column":11},"end":{"line":66,"column":26}}},"3":{"name":"(anonymous_3)","line":70,"loc":{"start":{"line":70,"column":11},"end":{"line":70,"column":26}}},"4":{"name":"(anonymous_4)","line":79,"loc":{"start":{"line":79,"column":12},"end":{"line":79,"column":26}}},"5":{"name":"(anonymous_5)","line":92,"loc":{"start":{"line":92,"column":23},"end":{"line":92,"column":55}}},"6":{"name":"(anonymous_6)","line":95,"loc":{"start":{"line":95,"column":11},"end":{"line":95,"column":28}}},"7":{"name":"(anonymous_7)","line":99,"loc":{"start":{"line":99,"column":12},"end":{"line":99,"column":28}}},"8":{"name":"(anonymous_8)","line":112,"loc":{"start":{"line":112,"column":22},"end":{"line":112,"column":48}}},"9":{"name":"(anonymous_9)","line":114,"loc":{"start":{"line":114,"column":11},"end":{"line":114,"column":26}}},"10":{"name":"(anonymous_10)","line":118,"loc":{"start":{"line":118,"column":11},"end":{"line":118,"column":26}}},"11":{"name":"(anonymous_11)","line":136,"loc":{"start":{"line":136,"column":22},"end":{"line":136,"column":41}}},"12":{"name":"(anonymous_12)","line":138,"loc":{"start":{"line":138,"column":8},"end":{"line":138,"column":28}}},"13":{"name":"(anonymous_13)","line":155,"loc":{"start":{"line":155,"column":19},"end":{"line":155,"column":35}}},"14":{"name":"(anonymous_14)","line":157,"loc":{"start":{"line":157,"column":8},"end":{"line":157,"column":28}}},"15":{"name":"(anonymous_15)","line":165,"loc":{"start":{"line":165,"column":21},"end":{"line":165,"column":50}}},"16":{"name":"(anonymous_16)","line":168,"loc":{"start":{"line":168,"column":11},"end":{"line":168,"column":30}}},"17":{"name":"(anonymous_17)","line":180,"loc":{"start":{"line":180,"column":30},"end":{"line":180,"column":59}}},"18":{"name":"(anonymous_18)","line":182,"loc":{"start":{"line":182,"column":11},"end":{"line":182,"column":30}}},"19":{"name":"(anonymous_19)","line":190,"loc":{"start":{"line":190,"column":24},"end":{"line":190,"column":43}}},"20":{"name":"(anonymous_20)","line":197,"loc":{"start":{"line":197,"column":17},"end":{"line":197,"column":32}}}},"statementMap":{"1":{"start":{"line":1,"column":0},"end":{"line":1,"column":27}},"2":{"start":{"line":2,"column":0},"end":{"line":2,"column":39}},"3":{"start":{"line":3,"column":0},"end":{"line":3,"column":35}},"4":{"start":{"line":4,"column":0},"end":{"line":4,"column":61}},"5":{"start":{"line":5,"column":0},"end":{"line":5,"column":35}},"6":{"start":{"line":7,"column":0},"end":{"line":7,"column":86}},"7":{"start":{"line":8,"column":0},"end":{"line":8,"column":21}},"8":{"start":{"line":64,"column":0},"end":{"line":82,"column":1}},"9":{"start":{"line":65,"column":2},"end":{"line":81,"column":6}},"10":{"start":{"line":68,"column":6},"end":{"line":68,"column":57}},"11":{"start":{"line":72,"column":6},"end":{"line":72,"column":25}},"12":{"start":{"line":73,"column":6},"end":{"line":75,"column":7}},"13":{"start":{"line":74,"column":8},"end":{"line":74,"column":38}},"14":{"start":{"line":76,"column":6},"end":{"line":76,"column":32}},"15":{"start":{"line":77,"column":6},"end":{"line":77,"column":36}},"16":{"start":{"line":80,"column":6},"end":{"line":80,"column":48}},"17":{"start":{"line":92,"column":0},"end":{"line":107,"column":1}},"18":{"start":{"line":93,"column":2},"end":{"line":93,"column":60}},"19":{"start":{"line":94,"column":2},"end":{"line":106,"column":6}},"20":{"start":{"line":96,"column":6},"end":{"line":96,"column":48}},"21":{"start":{"line":97,"column":6},"end":{"line":97,"column":19}},"22":{"start":{"line":100,"column":6},"end":{"line":100,"column":73}},"23":{"start":{"line":101,"column":6},"end":{"line":101,"column":18}},"24":{"start":{"line":112,"column":0},"end":{"line":122,"column":1}},"25":{"start":{"line":113,"column":2},"end":{"line":121,"column":6}},"26":{"start":{"line":116,"column":6},"end":{"line":116,"column":54}},"27":{"start":{"line":119,"column":6},"end":{"line":119,"column":36}},"28":{"start":{"line":120,"column":6},"end":{"line":120,"column":41}},"29":{"start":{"line":136,"column":0},"end":{"line":139,"column":1}},"30":{"start":{"line":137,"column":1},"end":{"line":138,"column":52}},"31":{"start":{"line":138,"column":30},"end":{"line":138,"column":50}},"32":{"start":{"line":155,"column":0},"end":{"line":158,"column":1}},"33":{"start":{"line":156,"column":1},"end":{"line":157,"column":52}},"34":{"start":{"line":157,"column":30},"end":{"line":157,"column":50}},"35":{"start":{"line":165,"column":0},"end":{"line":175,"column":1}},"36":{"start":{"line":167,"column":2},"end":{"line":170,"column":6}},"37":{"start":{"line":169,"column":6},"end":{"line":169,"column":62}},"38":{"start":{"line":180,"column":0},"end":{"line":185,"column":1}},"39":{"start":{"line":181,"column":2},"end":{"line":184,"column":6}},"40":{"start":{"line":183,"column":6},"end":{"line":183,"column":43}},"41":{"start":{"line":190,"column":0},"end":{"line":192,"column":1}},"42":{"start":{"line":191,"column":2},"end":{"line":191,"column":53}},"43":{"start":{"line":197,"column":0},"end":{"line":200,"column":1}},"44":{"start":{"line":198,"column":2},"end":{"line":198,"column":50}},"45":{"start":{"line":199,"column":2},"end":{"line":199,"column":46}}},"branchMap":{}},"/Users/amberleyromo/Desktop/vitamin-db/server/models/model-helper.js":{"path":"/Users/amberleyromo/Desktop/vitamin-db/server/models/model-helper.js","s":{"1":1,"2":1,"3":1,"4":9,"5":9,"6":9,"7":9,"8":9,"9":0,"10":0,"11":0,"12":0,"13":9,"14":0,"15":0,"16":9,"17":0,"18":0,"19":0,"20":9,"21":0,"22":9,"23":0,"24":0,"25":0,"26":9,"27":0,"28":0,"29":0,"30":0,"31":0,"32":0,"33":0,"34":0,"35":0,"36":9,"37":0,"38":0,"39":0,"40":0,"41":0,"42":0,"43":9,"44":0,"45":0,"46":0,"47":0,"48":9,"49":0,"50":0,"51":0,"52":0,"53":9,"54":0,"55":0,"56":0,"57":9,"58":0,"59":0,"60":0,"61":9,"62":0,"63":0,"64":9,"65":0,"66":0,"67":0,"68":0,"69":0,"70":0,"71":9,"72":0,"73":9,"74":0,"75":0,"76":9,"77":0,"78":0,"79":0,"80":9,"81":0,"82":0,"83":0,"84":0,"85":0,"86":9,"87":0,"88":0,"89":0,"90":0,"91":0,"92":0},"b":{"1":[0,0],"2":[0,0],"3":[0,0],"4":[0,0],"5":[0,0],"6":[0,0],"7":[0,0],"8":[0,0]},"f":{"1":9,"2":0,"3":0,"4":0,"5":0,"6":0,"7":0,"8":0,"9":0,"10":0,"11":0,"12":0,"13":0,"14":0,"15":0,"16":0,"17":0,"18":0,"19":0,"20":0,"21":0,"22":0,"23":0,"24":0,"25":0,"26":0,"27":0,"28":0,"29":0,"30":0,"31":0,"32":0},"fnMap":{"1":{"name":"(anonymous_1)","line":6,"loc":{"start":{"line":6,"column":17},"end":{"line":6,"column":47}}},"2":{"name":"(anonymous_2)","line":14,"loc":{"start":{"line":14,"column":30},"end":{"line":14,"column":59}}},"3":{"name":"(anonymous_3)","line":22,"loc":{"start":{"line":22,"column":32},"end":{"line":22,"column":62}}},"4":{"name":"(anonymous_4)","line":40,"loc":{"start":{"line":40,"column":15},"end":{"line":40,"column":38}}},"5":{"name":"(anonymous_5)","line":43,"loc":{"start":{"line":43,"column":11},"end":{"line":43,"column":28}}},"6":{"name":"(anonymous_6)","line":51,"loc":{"start":{"line":51,"column":15},"end":{"line":51,"column":26}}},"7":{"name":"(anonymous_7)","line":62,"loc":{"start":{"line":62,"column":15},"end":{"line":62,"column":53}}},"8":{"name":"(anonymous_8)","line":66,"loc":{"start":{"line":66,"column":11},"end":{"line":66,"column":22}}},"9":{"name":"(anonymous_9)","line":77,"loc":{"start":{"line":77,"column":19},"end":{"line":77,"column":39}}},"10":{"name":"(anonymous_10)","line":79,"loc":{"start":{"line":79,"column":10},"end":{"line":79,"column":27}}},"11":{"name":"(anonymous_11)","line":85,"loc":{"start":{"line":85,"column":11},"end":{"line":85,"column":22}}},"12":{"name":"(anonymous_12)","line":89,"loc":{"start":{"line":89,"column":13},"end":{"line":89,"column":30}}},"13":{"name":"(anonymous_13)","line":93,"loc":{"start":{"line":93,"column":11},"end":{"line":93,"column":25}}},"14":{"name":"(anonymous_14)","line":102,"loc":{"start":{"line":102,"column":20},"end":{"line":102,"column":34}}},"15":{"name":"(anonymous_15)","line":117,"loc":{"start":{"line":117,"column":17},"end":{"line":117,"column":30}}},"16":{"name":"(anonymous_16)","line":123,"loc":{"start":{"line":123,"column":11},"end":{"line":123,"column":28}}},"17":{"name":"(anonymous_17)","line":131,"loc":{"start":{"line":131,"column":31},"end":{"line":131,"column":51}}},"18":{"name":"(anonymous_18)","line":137,"loc":{"start":{"line":137,"column":11},"end":{"line":137,"column":28}}},"19":{"name":"(anonymous_19)","line":146,"loc":{"start":{"line":146,"column":19},"end":{"line":146,"column":32}}},"20":{"name":"(anonymous_20)","line":162,"loc":{"start":{"line":162,"column":33},"end":{"line":162,"column":58}}},"21":{"name":"(anonymous_21)","line":177,"loc":{"start":{"line":177,"column":35},"end":{"line":177,"column":60}}},"22":{"name":"(anonymous_22)","line":179,"loc":{"start":{"line":179,"column":11},"end":{"line":179,"column":28}}},"23":{"name":"(anonymous_23)","line":190,"loc":{"start":{"line":190,"column":22},"end":{"line":190,"column":48}}},"24":{"name":"(anonymous_24)","line":191,"loc":{"start":{"line":191,"column":22},"end":{"line":191,"column":48}}},"25":{"name":"(anonymous_25)","line":195,"loc":{"start":{"line":195,"column":27},"end":{"line":195,"column":42}}},"26":{"name":"(anonymous_26)","line":197,"loc":{"start":{"line":197,"column":15},"end":{"line":197,"column":30}}},"27":{"name":"(anonymous_27)","line":209,"loc":{"start":{"line":209,"column":20},"end":{"line":209,"column":34}}},"28":{"name":"(anonymous_28)","line":217,"loc":{"start":{"line":217,"column":17},"end":{"line":217,"column":32}}},"29":{"name":"(anonymous_29)","line":227,"loc":{"start":{"line":227,"column":15},"end":{"line":227,"column":30}}},"30":{"name":"(anonymous_30)","line":239,"loc":{"start":{"line":239,"column":21},"end":{"line":239,"column":44}}},"31":{"name":"(anonymous_31)","line":259,"loc":{"start":{"line":259,"column":19},"end":{"line":259,"column":42}}},"32":{"name":"(anonymous_32)","line":265,"loc":{"start":{"line":265,"column":53},"end":{"line":265,"column":74}}}},"statementMap":{"1":{"start":{"line":1,"column":0},"end":{"line":1,"column":27}},"2":{"start":{"line":2,"column":0},"end":{"line":2,"column":27}},"3":{"start":{"line":6,"column":0},"end":{"line":270,"column":1}},"4":{"start":{"line":8,"column":1},"end":{"line":8,"column":23}},"5":{"start":{"line":9,"column":1},"end":{"line":9,"column":25}},"6":{"start":{"line":10,"column":1},"end":{"line":10,"column":29}},"7":{"start":{"line":11,"column":1},"end":{"line":11,"column":53}},"8":{"start":{"line":14,"column":1},"end":{"line":19,"column":14}},"9":{"start":{"line":16,"column":2},"end":{"line":16,"column":44}},"10":{"start":{"line":17,"column":2},"end":{"line":17,"column":22}},"11":{"start":{"line":18,"column":2},"end":{"line":18,"column":43}},"12":{"start":{"line":18,"column":31},"end":{"line":18,"column":42}},"13":{"start":{"line":22,"column":1},"end":{"line":34,"column":14}},"14":{"start":{"line":24,"column":2},"end":{"line":24,"column":40}},"15":{"start":{"line":32,"column":2},"end":{"line":32,"column":15}},"16":{"start":{"line":40,"column":1},"end":{"line":45,"column":13}},"17":{"start":{"line":41,"column":2},"end":{"line":44,"column":74}},"18":{"start":{"line":43,"column":30},"end":{"line":43,"column":70}},"19":{"start":{"line":43,"column":71},"end":{"line":43,"column":88}},"20":{"start":{"line":51,"column":1},"end":{"line":55,"column":13}},"21":{"start":{"line":52,"column":2},"end":{"line":54,"column":78}},"22":{"start":{"line":62,"column":1},"end":{"line":70,"column":13}},"23":{"start":{"line":63,"column":2},"end":{"line":63,"column":22}},"24":{"start":{"line":64,"column":2},"end":{"line":69,"column":55}},"25":{"start":{"line":67,"column":5},"end":{"line":67,"column":57}},"26":{"start":{"line":77,"column":1},"end":{"line":96,"column":13}},"27":{"start":{"line":78,"column":2},"end":{"line":95,"column":6}},"28":{"start":{"line":80,"column":5},"end":{"line":83,"column":6}},"29":{"start":{"line":81,"column":6},"end":{"line":81,"column":86}},"30":{"start":{"line":82,"column":6},"end":{"line":82,"column":17}},"31":{"start":{"line":86,"column":5},"end":{"line":86,"column":22}},"32":{"start":{"line":87,"column":5},"end":{"line":87,"column":34}},"33":{"start":{"line":88,"column":5},"end":{"line":91,"column":9}},"34":{"start":{"line":90,"column":8},"end":{"line":90,"column":24}},"35":{"start":{"line":94,"column":5},"end":{"line":94,"column":15}},"36":{"start":{"line":102,"column":1},"end":{"line":111,"column":13}},"37":{"start":{"line":103,"column":2},"end":{"line":103,"column":30}},"38":{"start":{"line":104,"column":2},"end":{"line":104,"column":16}},"39":{"start":{"line":105,"column":2},"end":{"line":109,"column":3}},"40":{"start":{"line":106,"column":3},"end":{"line":108,"column":4}},"41":{"start":{"line":107,"column":4},"end":{"line":107,"column":27}},"42":{"start":{"line":110,"column":2},"end":{"line":110,"column":35}},"43":{"start":{"line":117,"column":1},"end":{"line":125,"column":13}},"44":{"start":{"line":118,"column":2},"end":{"line":118,"column":19}},"45":{"start":{"line":119,"column":2},"end":{"line":119,"column":31}},"46":{"start":{"line":121,"column":2},"end":{"line":124,"column":72}},"47":{"start":{"line":123,"column":30},"end":{"line":123,"column":47}},"48":{"start":{"line":131,"column":1},"end":{"line":139,"column":13}},"49":{"start":{"line":132,"column":2},"end":{"line":132,"column":19}},"50":{"start":{"line":133,"column":2},"end":{"line":133,"column":31}},"51":{"start":{"line":135,"column":2},"end":{"line":138,"column":67}},"52":{"start":{"line":137,"column":30},"end":{"line":137,"column":47}},"53":{"start":{"line":146,"column":1},"end":{"line":153,"column":13}},"54":{"start":{"line":147,"column":2},"end":{"line":147,"column":19}},"55":{"start":{"line":148,"column":2},"end":{"line":148,"column":31}},"56":{"start":{"line":150,"column":2},"end":{"line":152,"column":65}},"57":{"start":{"line":162,"column":1},"end":{"line":169,"column":14}},"58":{"start":{"line":163,"column":2},"end":{"line":163,"column":19}},"59":{"start":{"line":164,"column":2},"end":{"line":164,"column":27}},"60":{"start":{"line":166,"column":2},"end":{"line":168,"column":92}},"61":{"start":{"line":177,"column":1},"end":{"line":182,"column":14}},"62":{"start":{"line":178,"column":2},"end":{"line":181,"column":105}},"63":{"start":{"line":179,"column":29},"end":{"line":179,"column":53}},"64":{"start":{"line":190,"column":1},"end":{"line":203,"column":13}},"65":{"start":{"line":191,"column":2},"end":{"line":202,"column":4}},"66":{"start":{"line":193,"column":3},"end":{"line":193,"column":17}},"67":{"start":{"line":195,"column":3},"end":{"line":199,"column":5}},"68":{"start":{"line":196,"column":4},"end":{"line":196,"column":41}},"69":{"start":{"line":198,"column":4},"end":{"line":198,"column":26}},"70":{"start":{"line":201,"column":3},"end":{"line":201,"column":17}},"71":{"start":{"line":209,"column":1},"end":{"line":211,"column":2}},"72":{"start":{"line":210,"column":2},"end":{"line":210,"column":12}},"73":{"start":{"line":217,"column":1},"end":{"line":220,"column":2}},"74":{"start":{"line":218,"column":2},"end":{"line":218,"column":28}},"75":{"start":{"line":219,"column":2},"end":{"line":219,"column":24}},"76":{"start":{"line":227,"column":1},"end":{"line":233,"column":13}},"77":{"start":{"line":228,"column":2},"end":{"line":232,"column":3}},"78":{"start":{"line":229,"column":3},"end":{"line":229,"column":24}},"79":{"start":{"line":231,"column":3},"end":{"line":231,"column":48}},"80":{"start":{"line":239,"column":1},"end":{"line":247,"column":13}},"81":{"start":{"line":240,"column":2},"end":{"line":246,"column":3}},"82":{"start":{"line":241,"column":3},"end":{"line":241,"column":38}},"83":{"start":{"line":242,"column":3},"end":{"line":242,"column":28}},"84":{"start":{"line":243,"column":3},"end":{"line":243,"column":43}},"85":{"start":{"line":245,"column":3},"end":{"line":245,"column":48}},"86":{"start":{"line":259,"column":1},"end":{"line":267,"column":2}},"87":{"start":{"line":260,"column":2},"end":{"line":260,"column":41}},"88":{"start":{"line":261,"column":2},"end":{"line":266,"column":3}},"89":{"start":{"line":262,"column":3},"end":{"line":262,"column":15}},"90":{"start":{"line":264,"column":3},"end":{"line":264,"column":43}},"91":{"start":{"line":265,"column":3},"end":{"line":265,"column":113}},"92":{"start":{"line":265,"column":75},"end":{"line":265,"column":105}}},"branchMap":{"1":{"line":18,"type":"if","locations":[{"start":{"line":18,"column":2},"end":{"line":18,"column":2}},{"start":{"line":18,"column":2},"end":{"line":18,"column":2}}]},"2":{"line":80,"type":"if","locations":[{"start":{"line":80,"column":5},"end":{"line":80,"column":5}},{"start":{"line":80,"column":5},"end":{"line":80,"column":5}}]},"3":{"line":106,"type":"if","locations":[{"start":{"line":106,"column":3},"end":{"line":106,"column":3}},{"start":{"line":106,"column":3},"end":{"line":106,"column":3}}]},"4":{"line":228,"type":"if","locations":[{"start":{"line":228,"column":2},"end":{"line":228,"column":2}},{"start":{"line":228,"column":2},"end":{"line":228,"column":2}}]},"5":{"line":240,"type":"if","locations":[{"start":{"line":240,"column":2},"end":{"line":240,"column":2}},{"start":{"line":240,"column":2},"end":{"line":240,"column":2}}]},"6":{"line":261,"type":"if","locations":[{"start":{"line":261,"column":2},"end":{"line":261,"column":2}},{"start":{"line":261,"column":2},"end":{"line":261,"column":2}}]},"7":{"line":265,"type":"binary-expr","locations":[{"start":{"line":265,"column":10},"end":{"line":265,"column":31}},{"start":{"line":265,"column":35},"end":{"line":265,"column":113}}]},"8":{"line":265,"type":"binary-expr","locations":[{"start":{"line":265,"column":82},"end":{"line":265,"column":86}},{"start":{"line":265,"column":90},"end":{"line":265,"column":105}}]}}},"/Users/amberleyromo/Desktop/vitamin-db/server/models/doctor.js":{"path":"/Users/amberleyromo/Desktop/vitamin-db/server/models/doctor.js","s":{"1":1,"2":1,"3":1,"4":1,"5":1,"6":0,"7":0,"8":1,"9":0,"10":0,"11":0,"12":0,"13":1,"14":0,"15":0,"16":0,"17":0,"18":1,"19":0,"20":0,"21":0,"22":0,"23":0,"24":0,"25":0,"26":0,"27":0,"28":0,"29":0},"b":{"1":[0,0],"2":[0,0],"3":[0,0],"4":[0,0],"5":[0,0],"6":[0,0]},"f":{"1":0,"2":0,"3":0,"4":0,"5":0},"fnMap":{"1":{"name":"(anonymous_1)","line":67,"loc":{"start":{"line":67,"column":21},"end":{"line":67,"column":36}}},"2":{"name":"(anonymous_2)","line":69,"loc":{"start":{"line":69,"column":9},"end":{"line":69,"column":31}}},"3":{"name":"(anonymous_3)","line":90,"loc":{"start":{"line":90,"column":23},"end":{"line":90,"column":46}}},"4":{"name":"(anonymous_4)","line":104,"loc":{"start":{"line":104,"column":21},"end":{"line":104,"column":39}}},"5":{"name":"(anonymous_5)","line":121,"loc":{"start":{"line":121,"column":18},"end":{"line":121,"column":35}}}},"statementMap":{"1":{"start":{"line":1,"column":0},"end":{"line":1,"column":27}},"2":{"start":{"line":2,"column":0},"end":{"line":2,"column":39}},"3":{"start":{"line":4,"column":0},"end":{"line":4,"column":140}},"4":{"start":{"line":5,"column":0},"end":{"line":5,"column":23}},"5":{"start":{"line":67,"column":1},"end":{"line":70,"column":1}},"6":{"start":{"line":68,"column":2},"end":{"line":69,"column":57}},"7":{"start":{"line":69,"column":33},"end":{"line":69,"column":55}},"8":{"start":{"line":90,"column":0},"end":{"line":97,"column":1}},"9":{"start":{"line":91,"column":2},"end":{"line":91,"column":85}},"10":{"start":{"line":92,"column":2},"end":{"line":96,"column":3}},"11":{"start":{"line":93,"column":4},"end":{"line":93,"column":44}},"12":{"start":{"line":95,"column":4},"end":{"line":95,"column":23}},"13":{"start":{"line":104,"column":0},"end":{"line":111,"column":1}},"14":{"start":{"line":105,"column":2},"end":{"line":105,"column":67}},"15":{"start":{"line":106,"column":2},"end":{"line":110,"column":3}},"16":{"start":{"line":107,"column":4},"end":{"line":107,"column":33}},"17":{"start":{"line":109,"column":4},"end":{"line":109,"column":39}},"18":{"start":{"line":121,"column":0},"end":{"line":140,"column":1}},"19":{"start":{"line":122,"column":2},"end":{"line":122,"column":56}},"20":{"start":{"line":123,"column":2},"end":{"line":123,"column":19}},"21":{"start":{"line":125,"column":2},"end":{"line":137,"column":3}},"22":{"start":{"line":126,"column":4},"end":{"line":136,"column":5}},"23":{"start":{"line":128,"column":6},"end":{"line":134,"column":7}},"24":{"start":{"line":129,"column":8},"end":{"line":129,"column":53}},"25":{"start":{"line":130,"column":13},"end":{"line":134,"column":7}},"26":{"start":{"line":131,"column":8},"end":{"line":131,"column":51}},"27":{"start":{"line":133,"column":8},"end":{"line":133,"column":31}},"28":{"start":{"line":138,"column":2},"end":{"line":138,"column":52}},"29":{"start":{"line":139,"column":2},"end":{"line":139,"column":17}}},"branchMap":{"1":{"line":92,"type":"if","locations":[{"start":{"line":92,"column":2},"end":{"line":92,"column":2}},{"start":{"line":92,"column":2},"end":{"line":92,"column":2}}]},"2":{"line":106,"type":"if","locations":[{"start":{"line":106,"column":2},"end":{"line":106,"column":2}},{"start":{"line":106,"column":2},"end":{"line":106,"column":2}}]},"3":{"line":126,"type":"if","locations":[{"start":{"line":126,"column":4},"end":{"line":126,"column":4}},{"start":{"line":126,"column":4},"end":{"line":126,"column":4}}]},"4":{"line":126,"type":"binary-expr","locations":[{"start":{"line":126,"column":8},"end":{"line":126,"column":29}},{"start":{"line":126,"column":33},"end":{"line":126,"column":48}}]},"5":{"line":128,"type":"if","locations":[{"start":{"line":128,"column":6},"end":{"line":128,"column":6}},{"start":{"line":128,"column":6},"end":{"line":128,"column":6}}]},"6":{"line":130,"type":"if","locations":[{"start":{"line":130,"column":13},"end":{"line":130,"column":13}},{"start":{"line":130,"column":13},"end":{"line":130,"column":13}}]}}},"/Users/amberleyromo/Desktop/vitamin-db/server/models/user-doctor.js":{"path":"/Users/amberleyromo/Desktop/vitamin-db/server/models/user-doctor.js","s":{"1":1,"2":1,"3":1,"4":1,"5":1,"6":1,"7":1,"8":1,"9":0,"10":0,"11":0,"12":1,"13":0,"14":0,"15":0,"16":0,"17":0,"18":0,"19":1,"20":0,"21":0,"22":0,"23":0,"24":0,"25":0,"26":0,"27":0,"28":1,"29":0,"30":0,"31":0,"32":1,"33":0,"34":0,"35":1,"36":0,"37":0,"38":0,"39":0,"40":1,"41":0,"42":0,"43":0,"44":0,"45":0,"46":0,"47":0,"48":0,"49":0,"50":0,"51":0,"52":0,"53":0,"54":0,"55":0,"56":0,"57":0,"58":0,"59":0,"60":0},"b":{"1":[0,0],"2":[0,0],"3":[0,0],"4":[0,0],"5":[0,0],"6":[0,0],"7":[0,0],"8":[0,0],"9":[0,0]},"f":{"1":0,"2":0,"3":0,"4":0,"5":0,"6":0,"7":0,"8":0,"9":0,"10":0,"11":0,"12":0,"13":0,"14":0,"15":0,"16":0,"17":0,"18":0,"19":0,"20":0,"21":0,"22":0,"23":0,"24":0,"25":0,"26":0,"27":0,"28":0},"fnMap":{"1":{"name":"(anonymous_1)","line":72,"loc":{"start":{"line":72,"column":28},"end":{"line":72,"column":40}}},"2":{"name":"(anonymous_2)","line":74,"loc":{"start":{"line":74,"column":12},"end":{"line":74,"column":28}}},"3":{"name":"(anonymous_3)","line":76,"loc":{"start":{"line":76,"column":18},"end":{"line":76,"column":38}}},"4":{"name":"(anonymous_4)","line":86,"loc":{"start":{"line":86,"column":34},"end":{"line":86,"column":55}}},"5":{"name":"(anonymous_5)","line":88,"loc":{"start":{"line":88,"column":11},"end":{"line":88,"column":29}}},"6":{"name":"(anonymous_6)","line":90,"loc":{"start":{"line":90,"column":23},"end":{"line":90,"column":40}}},"7":{"name":"(anonymous_7)","line":99,"loc":{"start":{"line":99,"column":12},"end":{"line":99,"column":36}}},"8":{"name":"(anonymous_8)","line":101,"loc":{"start":{"line":101,"column":26},"end":{"line":101,"column":43}}},"9":{"name":"(anonymous_9)","line":112,"loc":{"start":{"line":112,"column":26},"end":{"line":112,"column":78}}},"10":{"name":"(anonymous_10)","line":116,"loc":{"start":{"line":116,"column":10},"end":{"line":116,"column":26}}},"11":{"name":"(anonymous_11)","line":119,"loc":{"start":{"line":119,"column":10},"end":{"line":119,"column":32}}},"12":{"name":"(anonymous_12)","line":120,"loc":{"start":{"line":120,"column":32},"end":{"line":120,"column":62}}},"13":{"name":"(anonymous_13)","line":124,"loc":{"start":{"line":124,"column":10},"end":{"line":124,"column":27}}},"14":{"name":"(anonymous_14)","line":128,"loc":{"start":{"line":128,"column":10},"end":{"line":128,"column":21}}},"15":{"name":"(anonymous_15)","line":136,"loc":{"start":{"line":136,"column":20},"end":{"line":136,"column":50}}},"16":{"name":"(anonymous_16)","line":138,"loc":{"start":{"line":138,"column":10},"end":{"line":138,"column":25}}},"17":{"name":"(anonymous_17)","line":142,"loc":{"start":{"line":142,"column":10},"end":{"line":142,"column":24}}},"18":{"name":"(anonymous_18)","line":151,"loc":{"start":{"line":151,"column":30},"end":{"line":151,"column":55}}},"19":{"name":"(anonymous_19)","line":154,"loc":{"start":{"line":154,"column":10},"end":{"line":154,"column":21}}},"20":{"name":"(anonymous_20)","line":163,"loc":{"start":{"line":163,"column":26},"end":{"line":163,"column":46}}},"21":{"name":"(anonymous_21)","line":165,"loc":{"start":{"line":165,"column":10},"end":{"line":165,"column":29}}},"22":{"name":"(anonymous_22)","line":170,"loc":{"start":{"line":170,"column":11},"end":{"line":170,"column":22}}},"23":{"name":"(anonymous_23)","line":181,"loc":{"start":{"line":181,"column":30},"end":{"line":181,"column":57}}},"24":{"name":"(anonymous_24)","line":188,"loc":{"start":{"line":188,"column":22},"end":{"line":188,"column":48}}},"25":{"name":"(anonymous_25)","line":202,"loc":{"start":{"line":202,"column":9},"end":{"line":202,"column":20}}},"26":{"name":"(anonymous_26)","line":205,"loc":{"start":{"line":205,"column":14},"end":{"line":205,"column":27}}},"27":{"name":"(anonymous_27)","line":210,"loc":{"start":{"line":210,"column":9},"end":{"line":210,"column":20}}},"28":{"name":"(anonymous_28)","line":217,"loc":{"start":{"line":217,"column":10},"end":{"line":217,"column":24}}}},"statementMap":{"1":{"start":{"line":1,"column":0},"end":{"line":1,"column":27}},"2":{"start":{"line":2,"column":0},"end":{"line":2,"column":39}},"3":{"start":{"line":3,"column":0},"end":{"line":3,"column":35}},"4":{"start":{"line":5,"column":0},"end":{"line":5,"column":30}},"5":{"start":{"line":6,"column":0},"end":{"line":6,"column":34}},"6":{"start":{"line":8,"column":0},"end":{"line":8,"column":115}},"7":{"start":{"line":10,"column":0},"end":{"line":10,"column":27}},"8":{"start":{"line":72,"column":0},"end":{"line":81,"column":1}},"9":{"start":{"line":73,"column":2},"end":{"line":80,"column":6}},"10":{"start":{"line":75,"column":6},"end":{"line":79,"column":7}},"11":{"start":{"line":77,"column":10},"end":{"line":77,"column":53}},"12":{"start":{"line":86,"column":0},"end":{"line":106,"column":1}},"13":{"start":{"line":87,"column":2},"end":{"line":105,"column":6}},"14":{"start":{"line":89,"column":6},"end":{"line":97,"column":7}},"15":{"start":{"line":93,"column":10},"end":{"line":95,"column":11}},"16":{"start":{"line":94,"column":12},"end":{"line":94,"column":24}},"17":{"start":{"line":100,"column":6},"end":{"line":104,"column":7}},"18":{"start":{"line":102,"column":10},"end":{"line":102,"column":50}},"19":{"start":{"line":112,"column":0},"end":{"line":131,"column":1}},"20":{"start":{"line":113,"column":2},"end":{"line":113,"column":27}},"21":{"start":{"line":115,"column":2},"end":{"line":130,"column":6}},"22":{"start":{"line":117,"column":6},"end":{"line":117,"column":56}},"23":{"start":{"line":120,"column":6},"end":{"line":122,"column":8}},"24":{"start":{"line":121,"column":8},"end":{"line":121,"column":78}},"25":{"start":{"line":125,"column":6},"end":{"line":125,"column":24}},"26":{"start":{"line":126,"column":6},"end":{"line":126,"column":130}},"27":{"start":{"line":129,"column":6},"end":{"line":129,"column":22}},"28":{"start":{"line":136,"column":0},"end":{"line":145,"column":1}},"29":{"start":{"line":137,"column":2},"end":{"line":144,"column":6}},"30":{"start":{"line":139,"column":6},"end":{"line":139,"column":103}},"31":{"start":{"line":143,"column":6},"end":{"line":143,"column":63}},"32":{"start":{"line":151,"column":0},"end":{"line":158,"column":1}},"33":{"start":{"line":153,"column":2},"end":{"line":156,"column":6}},"34":{"start":{"line":155,"column":6},"end":{"line":155,"column":50}},"35":{"start":{"line":163,"column":0},"end":{"line":173,"column":1}},"36":{"start":{"line":164,"column":2},"end":{"line":172,"column":6}},"37":{"start":{"line":166,"column":6},"end":{"line":168,"column":7}},"38":{"start":{"line":167,"column":32},"end":{"line":167,"column":83}},"39":{"start":{"line":171,"column":6},"end":{"line":171,"column":41}},"40":{"start":{"line":181,"column":0},"end":{"line":222,"column":1}},"41":{"start":{"line":183,"column":2},"end":{"line":183,"column":26}},"42":{"start":{"line":185,"column":2},"end":{"line":185,"column":15}},"43":{"start":{"line":186,"column":2},"end":{"line":186,"column":33}},"44":{"start":{"line":188,"column":2},"end":{"line":219,"column":4}},"45":{"start":{"line":189,"column":4},"end":{"line":189,"column":33}},"46":{"start":{"line":190,"column":4},"end":{"line":190,"column":64}},"47":{"start":{"line":192,"column":4},"end":{"line":195,"column":5}},"48":{"start":{"line":193,"column":6},"end":{"line":193,"column":32}},"49":{"start":{"line":194,"column":6},"end":{"line":194,"column":35}},"50":{"start":{"line":196,"column":4},"end":{"line":199,"column":5}},"51":{"start":{"line":197,"column":6},"end":{"line":197,"column":32}},"52":{"start":{"line":198,"column":6},"end":{"line":198,"column":47}},"53":{"start":{"line":200,"column":4},"end":{"line":200,"column":13}},"54":{"start":{"line":203,"column":4},"end":{"line":208,"column":5}},"55":{"start":{"line":204,"column":6},"end":{"line":207,"column":10}},"56":{"start":{"line":206,"column":10},"end":{"line":206,"column":48}},"57":{"start":{"line":211,"column":4},"end":{"line":215,"column":5}},"58":{"start":{"line":212,"column":6},"end":{"line":212,"column":36}},"59":{"start":{"line":214,"column":6},"end":{"line":214,"column":43}},"60":{"start":{"line":218,"column":4},"end":{"line":218,"column":13}}},"branchMap":{"1":{"line":93,"type":"if","locations":[{"start":{"line":93,"column":10},"end":{"line":93,"column":10}},{"start":{"line":93,"column":10},"end":{"line":93,"column":10}}]},"2":{"line":121,"type":"cond-expr","locations":[{"start":{"line":121,"column":58},"end":{"line":121,"column":68}},{"start":{"line":121,"column":71},"end":{"line":121,"column":78}}]},"3":{"line":139,"type":"binary-expr","locations":[{"start":{"line":139,"column":13},"end":{"line":139,"column":95}},{"start":{"line":139,"column":99},"end":{"line":139,"column":103}}]},"4":{"line":143,"type":"cond-expr","locations":[{"start":{"line":143,"column":30},"end":{"line":143,"column":51}},{"start":{"line":143,"column":54},"end":{"line":143,"column":63}}]},"5":{"line":190,"type":"cond-expr","locations":[{"start":{"line":190,"column":52},"end":{"line":190,"column":56}},{"start":{"line":190,"column":59},"end":{"line":190,"column":64}}]},"6":{"line":192,"type":"if","locations":[{"start":{"line":192,"column":4},"end":{"line":192,"column":4}},{"start":{"line":192,"column":4},"end":{"line":192,"column":4}}]},"7":{"line":196,"type":"if","locations":[{"start":{"line":196,"column":4},"end":{"line":196,"column":4}},{"start":{"line":196,"column":4},"end":{"line":196,"column":4}}]},"8":{"line":203,"type":"if","locations":[{"start":{"line":203,"column":4},"end":{"line":203,"column":4}},{"start":{"line":203,"column":4},"end":{"line":203,"column":4}}]},"9":{"line":211,"type":"if","locations":[{"start":{"line":211,"column":4},"end":{"line":211,"column":4}},{"start":{"line":211,"column":4},"end":{"line":211,"column":4}}]}}},"/Users/amberleyromo/Desktop/vitamin-db/server/models/pharmacy.js":{"path":"/Users/amberleyromo/Desktop/vitamin-db/server/models/pharmacy.js","s":{"1":1,"2":1,"3":1,"4":1,"5":1,"6":0,"7":1,"8":0,"9":0,"10":0},"b":{},"f":{"1":0,"2":0,"3":0},"fnMap":{"1":{"name":"(anonymous_1)","line":12,"loc":{"start":{"line":12,"column":24},"end":{"line":12,"column":42}}},"2":{"name":"(anonymous_2)","line":21,"loc":{"start":{"line":21,"column":25},"end":{"line":21,"column":47}}},"3":{"name":"(anonymous_3)","line":23,"loc":{"start":{"line":23,"column":10},"end":{"line":23,"column":29}}}},"statementMap":{"1":{"start":{"line":1,"column":0},"end":{"line":1,"column":27}},"2":{"start":{"line":2,"column":0},"end":{"line":2,"column":39}},"3":{"start":{"line":4,"column":0},"end":{"line":4,"column":114}},"4":{"start":{"line":5,"column":0},"end":{"line":5,"column":25}},"5":{"start":{"line":12,"column":0},"end":{"line":14,"column":1}},"6":{"start":{"line":13,"column":1},"end":{"line":13,"column":48}},"7":{"start":{"line":21,"column":0},"end":{"line":27,"column":1}},"8":{"start":{"line":22,"column":1},"end":{"line":26,"column":5}},"9":{"start":{"line":24,"column":4},"end":{"line":24,"column":49}},"10":{"start":{"line":25,"column":4},"end":{"line":25,"column":55}}},"branchMap":{}},"/Users/amberleyromo/Desktop/vitamin-db/server/models/familymembers.js":{"path":"/Users/amberleyromo/Desktop/vitamin-db/server/models/familymembers.js","s":{"1":1,"2":1,"3":1,"4":1,"5":1,"6":0,"7":1,"8":0,"9":0,"10":0,"11":0},"b":{"1":[0,0]},"f":{"1":0,"2":0,"3":0,"4":0,"5":0},"fnMap":{"1":{"name":"(anonymous_1)","line":12,"loc":{"start":{"line":12,"column":28},"end":{"line":12,"column":46}}},"2":{"name":"(anonymous_2)","line":16,"loc":{"start":{"line":16,"column":43},"end":{"line":16,"column":71}}},"3":{"name":"(anonymous_3)","line":18,"loc":{"start":{"line":18,"column":10},"end":{"line":18,"column":26}}},"4":{"name":"(anonymous_4)","line":21,"loc":{"start":{"line":21,"column":10},"end":{"line":21,"column":32}}},"5":{"name":"(anonymous_5)","line":22,"loc":{"start":{"line":22,"column":32},"end":{"line":22,"column":62}}}},"statementMap":{"1":{"start":{"line":1,"column":0},"end":{"line":1,"column":27}},"2":{"start":{"line":2,"column":0},"end":{"line":2,"column":39}},"3":{"start":{"line":4,"column":0},"end":{"line":4,"column":87}},"4":{"start":{"line":5,"column":0},"end":{"line":5,"column":29}},"5":{"start":{"line":12,"column":0},"end":{"line":14,"column":1}},"6":{"start":{"line":13,"column":1},"end":{"line":13,"column":48}},"7":{"start":{"line":16,"column":0},"end":{"line":26,"column":1}},"8":{"start":{"line":17,"column":2},"end":{"line":25,"column":6}},"9":{"start":{"line":19,"column":6},"end":{"line":19,"column":62}},"10":{"start":{"line":22,"column":6},"end":{"line":24,"column":8}},"11":{"start":{"line":23,"column":8},"end":{"line":23,"column":90}}},"branchMap":{"1":{"line":23,"type":"cond-expr","locations":[{"start":{"line":23,"column":70},"end":{"line":23,"column":80}},{"start":{"line":23,"column":83},"end":{"line":23,"column":90}}]}}},"/Users/amberleyromo/Desktop/vitamin-db/server/models/insurance.js":{"path":"/Users/amberleyromo/Desktop/vitamin-db/server/models/insurance.js","s":{"1":1,"2":1,"3":1,"4":1,"5":1,"6":0,"7":1,"8":0,"9":0,"10":0,"11":0},"b":{"1":[0,0]},"f":{"1":0,"2":0,"3":0,"4":0,"5":0},"fnMap":{"1":{"name":"(anonymous_1)","line":12,"loc":{"start":{"line":12,"column":25},"end":{"line":12,"column":43}}},"2":{"name":"(anonymous_2)","line":16,"loc":{"start":{"line":16,"column":37},"end":{"line":16,"column":62}}},"3":{"name":"(anonymous_3)","line":18,"loc":{"start":{"line":18,"column":10},"end":{"line":18,"column":26}}},"4":{"name":"(anonymous_4)","line":21,"loc":{"start":{"line":21,"column":10},"end":{"line":21,"column":32}}},"5":{"name":"(anonymous_5)","line":22,"loc":{"start":{"line":22,"column":32},"end":{"line":22,"column":62}}}},"statementMap":{"1":{"start":{"line":1,"column":0},"end":{"line":1,"column":27}},"2":{"start":{"line":2,"column":0},"end":{"line":2,"column":39}},"3":{"start":{"line":4,"column":0},"end":{"line":4,"column":126}},"4":{"start":{"line":5,"column":0},"end":{"line":5,"column":26}},"5":{"start":{"line":12,"column":0},"end":{"line":14,"column":1}},"6":{"start":{"line":13,"column":2},"end":{"line":13,"column":49}},"7":{"start":{"line":16,"column":0},"end":{"line":26,"column":1}},"8":{"start":{"line":17,"column":2},"end":{"line":25,"column":6}},"9":{"start":{"line":19,"column":6},"end":{"line":19,"column":58}},"10":{"start":{"line":22,"column":6},"end":{"line":24,"column":8}},"11":{"start":{"line":23,"column":8},"end":{"line":23,"column":84}}},"branchMap":{"1":{"line":23,"type":"cond-expr","locations":[{"start":{"line":23,"column":64},"end":{"line":23,"column":74}},{"start":{"line":23,"column":77},"end":{"line":23,"column":84}}]}}},"/Users/amberleyromo/Desktop/vitamin-db/server/models/allergy.js":{"path":"/Users/amberleyromo/Desktop/vitamin-db/server/models/allergy.js","s":{"1":1,"2":1,"3":1,"4":1,"5":1,"6":0,"7":1,"8":0,"9":0,"10":0,"11":0,"12":0},"b":{"1":[0,0]},"f":{"1":0,"2":0,"3":0,"4":0,"5":0},"fnMap":{"1":{"name":"(anonymous_1)","line":12,"loc":{"start":{"line":12,"column":23},"end":{"line":12,"column":41}}},"2":{"name":"(anonymous_2)","line":16,"loc":{"start":{"line":16,"column":33},"end":{"line":16,"column":56}}},"3":{"name":"(anonymous_3)","line":18,"loc":{"start":{"line":18,"column":10},"end":{"line":18,"column":26}}},"4":{"name":"(anonymous_4)","line":22,"loc":{"start":{"line":22,"column":10},"end":{"line":22,"column":32}}},"5":{"name":"(anonymous_5)","line":23,"loc":{"start":{"line":23,"column":32},"end":{"line":23,"column":62}}}},"statementMap":{"1":{"start":{"line":1,"column":0},"end":{"line":1,"column":27}},"2":{"start":{"line":2,"column":0},"end":{"line":2,"column":39}},"3":{"start":{"line":4,"column":0},"end":{"line":4,"column":88}},"4":{"start":{"line":5,"column":0},"end":{"line":5,"column":24}},"5":{"start":{"line":12,"column":0},"end":{"line":14,"column":1}},"6":{"start":{"line":13,"column":2},"end":{"line":13,"column":49}},"7":{"start":{"line":16,"column":0},"end":{"line":27,"column":1}},"8":{"start":{"line":17,"column":2},"end":{"line":26,"column":6}},"9":{"start":{"line":19,"column":6},"end":{"line":19,"column":61}},"10":{"start":{"line":20,"column":6},"end":{"line":20,"column":58}},"11":{"start":{"line":23,"column":6},"end":{"line":25,"column":8}},"12":{"start":{"line":24,"column":8},"end":{"line":24,"column":80}}},"branchMap":{"1":{"line":24,"type":"cond-expr","locations":[{"start":{"line":24,"column":60},"end":{"line":24,"column":70}},{"start":{"line":24,"column":73},"end":{"line":24,"column":80}}]}}},"/Users/amberleyromo/Desktop/vitamin-db/server/models/rx.js":{"path":"/Users/amberleyromo/Desktop/vitamin-db/server/models/rx.js","s":{"1":1,"2":1,"3":1,"4":1,"5":1,"6":0,"7":1,"8":0,"9":0,"10":0,"11":1,"12":0,"13":0,"14":0,"15":0,"16":0,"17":1,"18":0,"19":0,"20":1,"21":0,"22":0,"23":0,"24":0,"25":0,"26":0,"27":0,"28":0,"29":0},"b":{"1":[0,0],"2":[0,0],"3":[0,0]},"f":{"1":0,"2":0,"3":0,"4":0,"5":0,"6":0,"7":0,"8":0,"9":0,"10":0,"11":0,"12":0,"13":0},"fnMap":{"1":{"name":"(anonymous_1)","line":10,"loc":{"start":{"line":10,"column":18},"end":{"line":10,"column":36}}},"2":{"name":"(anonymous_2)","line":18,"loc":{"start":{"line":18,"column":22},"end":{"line":18,"column":40}}},"3":{"name":"(anonymous_3)","line":20,"loc":{"start":{"line":20,"column":10},"end":{"line":20,"column":26}}},"4":{"name":"(anonymous_4)","line":21,"loc":{"start":{"line":21,"column":36},"end":{"line":21,"column":49}}},"5":{"name":"(anonymous_5)","line":32,"loc":{"start":{"line":32,"column":21},"end":{"line":32,"column":37}}},"6":{"name":"(anonymous_6)","line":34,"loc":{"start":{"line":34,"column":9},"end":{"line":34,"column":24}}},"7":{"name":"(anonymous_7)","line":37,"loc":{"start":{"line":37,"column":9},"end":{"line":37,"column":25}}},"8":{"name":"(anonymous_8)","line":40,"loc":{"start":{"line":40,"column":9},"end":{"line":40,"column":31}}},"9":{"name":"(anonymous_9)","line":41,"loc":{"start":{"line":41,"column":31},"end":{"line":41,"column":61}}},"10":{"name":"(anonymous_10)","line":52,"loc":{"start":{"line":52,"column":21},"end":{"line":52,"column":37}}},"11":{"name":"(anonymous_11)","line":54,"loc":{"start":{"line":54,"column":9},"end":{"line":54,"column":24}}},"12":{"name":"(anonymous_12)","line":64,"loc":{"start":{"line":64,"column":14},"end":{"line":64,"column":30}}},"13":{"name":"(anonymous_13)","line":65,"loc":{"start":{"line":65,"column":21},"end":{"line":65,"column":47}}}},"statementMap":{"1":{"start":{"line":1,"column":0},"end":{"line":1,"column":27}},"2":{"start":{"line":2,"column":0},"end":{"line":2,"column":39}},"3":{"start":{"line":4,"column":0},"end":{"line":4,"column":122}},"4":{"start":{"line":5,"column":0},"end":{"line":5,"column":19}},"5":{"start":{"line":10,"column":0},"end":{"line":12,"column":1}},"6":{"start":{"line":11,"column":2},"end":{"line":11,"column":49}},"7":{"start":{"line":18,"column":0},"end":{"line":25,"column":1}},"8":{"start":{"line":19,"column":2},"end":{"line":24,"column":6}},"9":{"start":{"line":21,"column":6},"end":{"line":23,"column":8}},"10":{"start":{"line":22,"column":8},"end":{"line":22,"column":25}},"11":{"start":{"line":32,"column":0},"end":{"line":45,"column":1}},"12":{"start":{"line":33,"column":1},"end":{"line":44,"column":5}},"13":{"start":{"line":35,"column":4},"end":{"line":35,"column":26}},"14":{"start":{"line":38,"column":4},"end":{"line":38,"column":49}},"15":{"start":{"line":41,"column":5},"end":{"line":43,"column":7}},"16":{"start":{"line":42,"column":7},"end":{"line":42,"column":69}},"17":{"start":{"line":52,"column":0},"end":{"line":57,"column":1}},"18":{"start":{"line":53,"column":1},"end":{"line":56,"column":5}},"19":{"start":{"line":55,"column":4},"end":{"line":55,"column":31}},"20":{"start":{"line":64,"column":0},"end":{"line":80,"column":1}},"21":{"start":{"line":65,"column":1},"end":{"line":79,"column":3}},"22":{"start":{"line":66,"column":2},"end":{"line":66,"column":18}},"23":{"start":{"line":67,"column":2},"end":{"line":77,"column":3}},"24":{"start":{"line":68,"column":3},"end":{"line":76,"column":4}},"25":{"start":{"line":69,"column":4},"end":{"line":73,"column":5}},"26":{"start":{"line":70,"column":5},"end":{"line":70,"column":37}},"27":{"start":{"line":72,"column":5},"end":{"line":72,"column":58}},"28":{"start":{"line":75,"column":4},"end":{"line":75,"column":25}},"29":{"start":{"line":78,"column":2},"end":{"line":78,"column":18}}},"branchMap":{"1":{"line":42,"type":"cond-expr","locations":[{"start":{"line":42,"column":49},"end":{"line":42,"column":59}},{"start":{"line":42,"column":62},"end":{"line":42,"column":69}}]},"2":{"line":68,"type":"if","locations":[{"start":{"line":68,"column":3},"end":{"line":68,"column":3}},{"start":{"line":68,"column":3},"end":{"line":68,"column":3}}]},"3":{"line":69,"type":"if","locations":[{"start":{"line":69,"column":4},"end":{"line":69,"column":4}},{"start":{"line":69,"column":4},"end":{"line":69,"column":4}}]}}},"/Users/amberleyromo/Desktop/vitamin-db/server/models/familyhistory.js":{"path":"/Users/amberleyromo/Desktop/vitamin-db/server/models/familyhistory.js","s":{"1":1,"2":1,"3":1,"4":1,"5":1,"6":1,"7":0,"8":1,"9":0,"10":0,"11":0,"12":1,"13":0,"14":0,"15":0,"16":1,"17":0,"18":0,"19":0,"20":0,"21":0,"22":0,"23":0},"b":{"1":[0,0]},"f":{"1":0,"2":0,"3":0,"4":0,"5":0,"6":0,"7":0,"8":0,"9":0,"10":0},"fnMap":{"1":{"name":"(anonymous_1)","line":12,"loc":{"start":{"line":12,"column":37},"end":{"line":12,"column":63}}},"2":{"name":"(anonymous_2)","line":21,"loc":{"start":{"line":21,"column":29},"end":{"line":21,"column":47}}},"3":{"name":"(anonymous_3)","line":27,"loc":{"start":{"line":27,"column":10},"end":{"line":27,"column":26}}},"4":{"name":"(anonymous_4)","line":37,"loc":{"start":{"line":37,"column":44},"end":{"line":37,"column":70}}},"5":{"name":"(anonymous_5)","line":39,"loc":{"start":{"line":39,"column":10},"end":{"line":39,"column":24}}},"6":{"name":"(anonymous_6)","line":40,"loc":{"start":{"line":40,"column":24},"end":{"line":40,"column":54}}},"7":{"name":"(anonymous_7)","line":46,"loc":{"start":{"line":46,"column":36},"end":{"line":46,"column":60}}},"8":{"name":"(anonymous_8)","line":50,"loc":{"start":{"line":50,"column":41},"end":{"line":50,"column":55}}},"9":{"name":"(anonymous_9)","line":52,"loc":{"start":{"line":52,"column":13},"end":{"line":52,"column":31}}},"10":{"name":"(anonymous_10)","line":58,"loc":{"start":{"line":58,"column":11},"end":{"line":58,"column":22}}}},"statementMap":{"1":{"start":{"line":1,"column":0},"end":{"line":1,"column":27}},"2":{"start":{"line":2,"column":0},"end":{"line":2,"column":39}},"3":{"start":{"line":3,"column":0},"end":{"line":3,"column":47}},"4":{"start":{"line":5,"column":0},"end":{"line":5,"column":96}},"5":{"start":{"line":6,"column":0},"end":{"line":6,"column":30}},"6":{"start":{"line":12,"column":0},"end":{"line":14,"column":1}},"7":{"start":{"line":13,"column":2},"end":{"line":13,"column":65}},"8":{"start":{"line":21,"column":0},"end":{"line":31,"column":1}},"9":{"start":{"line":23,"column":4},"end":{"line":30,"column":6}},"10":{"start":{"line":28,"column":6},"end":{"line":28,"column":54}},"11":{"start":{"line":29,"column":6},"end":{"line":29,"column":20}},"12":{"start":{"line":37,"column":0},"end":{"line":44,"column":1}},"13":{"start":{"line":38,"column":2},"end":{"line":43,"column":6}},"14":{"start":{"line":40,"column":6},"end":{"line":42,"column":8}},"15":{"start":{"line":41,"column":8},"end":{"line":41,"column":80}},"16":{"start":{"line":46,"column":0},"end":{"line":61,"column":1}},"17":{"start":{"line":48,"column":2},"end":{"line":48,"column":22}},"18":{"start":{"line":50,"column":2},"end":{"line":60,"column":6}},"19":{"start":{"line":51,"column":4},"end":{"line":56,"column":8}},"20":{"start":{"line":53,"column":8},"end":{"line":53,"column":59}},"21":{"start":{"line":54,"column":8},"end":{"line":54,"column":32}},"22":{"start":{"line":55,"column":8},"end":{"line":55,"column":32}},"23":{"start":{"line":59,"column":6},"end":{"line":59,"column":24}}},"branchMap":{"1":{"line":41,"type":"cond-expr","locations":[{"start":{"line":41,"column":60},"end":{"line":41,"column":70}},{"start":{"line":41,"column":73},"end":{"line":41,"column":80}}]}}}}