TN:
SF:/Users/amberleyromo/Desktop/vitamin-db/server/db.js
FN:14,(anonymous_1)
FN:22,(anonymous_2)
FN:26,(anonymous_3)
FN:30,(anonymous_4)
FN:34,(anonymous_5)
FN:38,(anonymous_6)
FN:42,(anonymous_7)
FN:46,(anonymous_8)
FN:50,(anonymous_9)
FN:54,(anonymous_10)
FN:58,(anonymous_11)
FN:62,(anonymous_12)
FN:66,(anonymous_13)
FN:69,(anonymous_14)
FNF:14
FNH:0
FNDA:0,(anonymous_1)
FNDA:0,(anonymous_2)
FNDA:0,(anonymous_3)
FNDA:0,(anonymous_4)
FNDA:0,(anonymous_5)
FNDA:0,(anonymous_6)
FNDA:0,(anonymous_7)
FNDA:0,(anonymous_8)
FNDA:0,(anonymous_9)
FNDA:0,(anonymous_10)
FNDA:0,(anonymous_11)
FNDA:0,(anonymous_12)
FNDA:0,(anonymous_13)
FNDA:0,(anonymous_14)
DA:1,1
DA:2,1
DA:4,1
DA:6,1
DA:7,1
DA:9,1
DA:10,1
DA:14,1
DA:16,0
DA:17,0
DA:21,0
DA:23,0
DA:24,0
DA:27,0
DA:28,0
DA:31,0
DA:32,0
DA:35,0
DA:36,0
DA:39,0
DA:40,0
DA:43,0
DA:44,0
DA:47,0
DA:48,0
DA:51,0
DA:52,0
DA:55,0
DA:56,0
DA:59,0
DA:60,0
DA:63,0
DA:64,0
DA:67,0
DA:70,0
DA:71,0
LF:36
LH:8
BRDA:2,1,0,1
BRDA:2,1,1,0
BRDA:16,2,0,0
BRDA:16,2,1,0
BRDA:71,3,0,0
BRDA:71,3,1,0
BRF:6
BRH:1
end_of_record
TN:
SF:/Users/amberleyromo/Desktop/vitamin-db/knexfile.js
FNF:0
FNH:0
DA:5,1
LF:1
LH:1
BRF:0
BRH:0
end_of_record
TN:
SF:/Users/amberleyromo/Desktop/vitamin-db/server/models/auth.js
FN:18,(anonymous_1)
FN:19,(anonymous_2)
FN:20,(anonymous_3)
FN:37,(anonymous_4)
FN:39,(anonymous_5)
FN:43,(anonymous_6)
FNF:6
FNH:0
FNDA:0,(anonymous_1)
FNDA:0,(anonymous_2)
FNDA:0,(anonymous_3)
FNDA:0,(anonymous_4)
FNDA:0,(anonymous_5)
FNDA:0,(anonymous_6)
DA:1,1
DA:2,1
DA:3,1
DA:6,1
DA:7,1
DA:9,1
DA:11,1
DA:12,1
DA:13,1
DA:18,1
DA:19,0
DA:20,0
DA:22,0
DA:37,1
DA:38,0
DA:41,0
DA:44,0
DA:45,0
DA:47,0
LF:19
LH:11
BRDA:13,1,0,1
BRDA:13,1,1,0
BRDA:44,2,0,0
BRDA:44,2,1,0
BRF:4
BRH:1
end_of_record
TN:
SF:/Users/amberleyromo/Desktop/vitamin-db/server/models/user.js
FN:64,(anonymous_1)
FN:66,(anonymous_2)
FN:70,(anonymous_3)
FN:79,(anonymous_4)
FN:92,(anonymous_5)
FN:95,(anonymous_6)
FN:99,(anonymous_7)
FN:112,(anonymous_8)
FN:114,(anonymous_9)
FN:118,(anonymous_10)
FN:136,(anonymous_11)
FN:138,(anonymous_12)
FN:155,(anonymous_13)
FN:157,(anonymous_14)
FN:165,(anonymous_15)
FN:168,(anonymous_16)
FN:180,(anonymous_17)
FN:182,(anonymous_18)
FN:190,(anonymous_19)
FN:197,(anonymous_20)
FNF:20
FNH:0
FNDA:0,(anonymous_1)
FNDA:0,(anonymous_2)
FNDA:0,(anonymous_3)
FNDA:0,(anonymous_4)
FNDA:0,(anonymous_5)
FNDA:0,(anonymous_6)
FNDA:0,(anonymous_7)
FNDA:0,(anonymous_8)
FNDA:0,(anonymous_9)
FNDA:0,(anonymous_10)
FNDA:0,(anonymous_11)
FNDA:0,(anonymous_12)
FNDA:0,(anonymous_13)
FNDA:0,(anonymous_14)
FNDA:0,(anonymous_15)
FNDA:0,(anonymous_16)
FNDA:0,(anonymous_17)
FNDA:0,(anonymous_18)
FNDA:0,(anonymous_19)
FNDA:0,(anonymous_20)
DA:1,1
DA:2,1
DA:3,1
DA:4,1
DA:5,1
DA:7,1
DA:8,1
DA:64,1
DA:65,0
DA:68,0
DA:72,0
DA:73,0
DA:74,0
DA:76,0
DA:77,0
DA:80,0
DA:92,1
DA:93,0
DA:94,0
DA:96,0
DA:97,0
DA:100,0
DA:101,0
DA:112,1
DA:113,0
DA:116,0
DA:119,0
DA:120,0
DA:136,1
DA:137,0
DA:138,0
DA:155,1
DA:156,0
DA:157,0
DA:165,1
DA:167,0
DA:169,0
DA:180,1
DA:181,0
DA:183,0
DA:190,1
DA:191,0
DA:197,1
DA:198,0
DA:199,0
LF:45
LH:16
BRF:0
BRH:0
end_of_record
TN:
SF:/Users/amberleyromo/Desktop/vitamin-db/server/models/model-helper.js
FN:6,(anonymous_1)
FN:14,(anonymous_2)
FN:22,(anonymous_3)
FN:40,(anonymous_4)
FN:43,(anonymous_5)
FN:51,(anonymous_6)
FN:62,(anonymous_7)
FN:66,(anonymous_8)
FN:77,(anonymous_9)
FN:79,(anonymous_10)
FN:85,(anonymous_11)
FN:89,(anonymous_12)
FN:93,(anonymous_13)
FN:102,(anonymous_14)
FN:117,(anonymous_15)
FN:123,(anonymous_16)
FN:131,(anonymous_17)
FN:137,(anonymous_18)
FN:146,(anonymous_19)
FN:162,(anonymous_20)
FN:177,(anonymous_21)
FN:179,(anonymous_22)
FN:190,(anonymous_23)
FN:191,(anonymous_24)
FN:195,(anonymous_25)
FN:197,(anonymous_26)
FN:209,(anonymous_27)
FN:217,(anonymous_28)
FN:227,(anonymous_29)
FN:239,(anonymous_30)
FN:259,(anonymous_31)
FN:265,(anonymous_32)
FNF:32
FNH:1
FNDA:9,(anonymous_1)
FNDA:0,(anonymous_2)
FNDA:0,(anonymous_3)
FNDA:0,(anonymous_4)
FNDA:0,(anonymous_5)
FNDA:0,(anonymous_6)
FNDA:0,(anonymous_7)
FNDA:0,(anonymous_8)
FNDA:0,(anonymous_9)
FNDA:0,(anonymous_10)
FNDA:0,(anonymous_11)
FNDA:0,(anonymous_12)
FNDA:0,(anonymous_13)
FNDA:0,(anonymous_14)
FNDA:0,(anonymous_15)
FNDA:0,(anonymous_16)
FNDA:0,(anonymous_17)
FNDA:0,(anonymous_18)
FNDA:0,(anonymous_19)
FNDA:0,(anonymous_20)
FNDA:0,(anonymous_21)
FNDA:0,(anonymous_22)
FNDA:0,(anonymous_23)
FNDA:0,(anonymous_24)
FNDA:0,(anonymous_25)
FNDA:0,(anonymous_26)
FNDA:0,(anonymous_27)
FNDA:0,(anonymous_28)
FNDA:0,(anonymous_29)
FNDA:0,(anonymous_30)
FNDA:0,(anonymous_31)
FNDA:0,(anonymous_32)
DA:1,1
DA:2,1
DA:6,1
DA:8,9
DA:9,9
DA:10,9
DA:11,9
DA:14,9
DA:16,0
DA:17,0
DA:18,0
DA:22,9
DA:24,0
DA:32,0
DA:40,9
DA:41,0
DA:43,0
DA:51,9
DA:52,0
DA:62,9
DA:63,0
DA:64,0
DA:67,0
DA:77,9
DA:78,0
DA:80,0
DA:81,0
DA:82,0
DA:86,0
DA:87,0
DA:88,0
DA:90,0
DA:94,0
DA:102,9
DA:103,0
DA:104,0
DA:105,0
DA:106,0
DA:107,0
DA:110,0
DA:117,9
DA:118,0
DA:119,0
DA:121,0
DA:123,0
DA:131,9
DA:132,0
DA:133,0
DA:135,0
DA:137,0
DA:146,9
DA:147,0
DA:148,0
DA:150,0
DA:162,9
DA:163,0
DA:164,0
DA:166,0
DA:177,9
DA:178,0
DA:179,0
DA:190,9
DA:191,0
DA:193,0
DA:195,0
DA:196,0
DA:198,0
DA:201,0
DA:209,9
DA:210,0
DA:217,9
DA:218,0
DA:219,0
DA:227,9
DA:228,0
DA:229,0
DA:231,0
DA:239,9
DA:240,0
DA:241,0
DA:242,0
DA:243,0
DA:245,0
DA:259,9
DA:260,0
DA:261,0
DA:262,0
DA:264,0
DA:265,0
LF:89
LH:25
BRDA:18,1,0,0
BRDA:18,1,1,0
BRDA:80,2,0,0
BRDA:80,2,1,0
BRDA:106,3,0,0
BRDA:106,3,1,0
BRDA:228,4,0,0
BRDA:228,4,1,0
BRDA:240,5,0,0
BRDA:240,5,1,0
BRDA:261,6,0,0
BRDA:261,6,1,0
BRDA:265,7,0,0
BRDA:265,7,1,0
BRDA:265,8,0,0
BRDA:265,8,1,0
BRF:16
BRH:0
end_of_record
TN:
SF:/Users/amberleyromo/Desktop/vitamin-db/server/models/doctor.js
FN:67,(anonymous_1)
FN:69,(anonymous_2)
FN:90,(anonymous_3)
FN:104,(anonymous_4)
FN:121,(anonymous_5)
FNF:5
FNH:0
FNDA:0,(anonymous_1)
FNDA:0,(anonymous_2)
FNDA:0,(anonymous_3)
FNDA:0,(anonymous_4)
FNDA:0,(anonymous_5)
DA:1,1
DA:2,1
DA:4,1
DA:5,1
DA:67,1
DA:68,0
DA:69,0
DA:90,1
DA:91,0
DA:92,0
DA:93,0
DA:95,0
DA:104,1
DA:105,0
DA:106,0
DA:107,0
DA:109,0
DA:121,1
DA:122,0
DA:123,0
DA:125,0
DA:126,0
DA:128,0
DA:129,0
DA:130,0
DA:131,0
DA:133,0
DA:138,0
DA:139,0
LF:29
LH:8
BRDA:92,1,0,0
BRDA:92,1,1,0
BRDA:106,2,0,0
BRDA:106,2,1,0
BRDA:126,3,0,0
BRDA:126,3,1,0
BRDA:126,4,0,0
BRDA:126,4,1,0
BRDA:128,5,0,0
BRDA:128,5,1,0
BRDA:130,6,0,0
BRDA:130,6,1,0
BRF:12
BRH:0
end_of_record
TN:
SF:/Users/amberleyromo/Desktop/vitamin-db/server/models/user-doctor.js
FN:72,(anonymous_1)
FN:74,(anonymous_2)
FN:76,(anonymous_3)
FN:86,(anonymous_4)
FN:88,(anonymous_5)
FN:90,(anonymous_6)
FN:99,(anonymous_7)
FN:101,(anonymous_8)
FN:112,(anonymous_9)
FN:116,(anonymous_10)
FN:119,(anonymous_11)
FN:120,(anonymous_12)
FN:124,(anonymous_13)
FN:128,(anonymous_14)
FN:136,(anonymous_15)
FN:138,(anonymous_16)
FN:142,(anonymous_17)
FN:151,(anonymous_18)
FN:154,(anonymous_19)
FN:163,(anonymous_20)
FN:165,(anonymous_21)
FN:170,(anonymous_22)
FN:181,(anonymous_23)
FN:188,(anonymous_24)
FN:202,(anonymous_25)
FN:205,(anonymous_26)
FN:210,(anonymous_27)
FN:217,(anonymous_28)
FNF:28
FNH:0
FNDA:0,(anonymous_1)
FNDA:0,(anonymous_2)
FNDA:0,(anonymous_3)
FNDA:0,(anonymous_4)
FNDA:0,(anonymous_5)
FNDA:0,(anonymous_6)
FNDA:0,(anonymous_7)
FNDA:0,(anonymous_8)
FNDA:0,(anonymous_9)
FNDA:0,(anonymous_10)
FNDA:0,(anonymous_11)
FNDA:0,(anonymous_12)
FNDA:0,(anonymous_13)
FNDA:0,(anonymous_14)
FNDA:0,(anonymous_15)
FNDA:0,(anonymous_16)
FNDA:0,(anonymous_17)
FNDA:0,(anonymous_18)
FNDA:0,(anonymous_19)
FNDA:0,(anonymous_20)
FNDA:0,(anonymous_21)
FNDA:0,(anonymous_22)
FNDA:0,(anonymous_23)
FNDA:0,(anonymous_24)
FNDA:0,(anonymous_25)
FNDA:0,(anonymous_26)
FNDA:0,(anonymous_27)
FNDA:0,(anonymous_28)
DA:1,1
DA:2,1
DA:3,1
DA:5,1
DA:6,1
DA:8,1
DA:10,1
DA:72,1
DA:73,0
DA:75,0
DA:77,0
DA:86,1
DA:87,0
DA:89,0
DA:93,0
DA:94,0
DA:100,0
DA:102,0
DA:112,1
DA:113,0
DA:115,0
DA:117,0
DA:120,0
DA:121,0
DA:125,0
DA:126,0
DA:129,0
DA:136,1
DA:137,0
DA:139,0
DA:143,0
DA:151,1
DA:153,0
DA:155,0
DA:163,1
DA:164,0
DA:166,0
DA:167,0
DA:171,0
DA:181,1
DA:183,0
DA:185,0
DA:186,0
DA:188,0
DA:189,0
DA:190,0
DA:192,0
DA:193,0
DA:194,0
DA:196,0
DA:197,0
DA:198,0
DA:200,0
DA:203,0
DA:204,0
DA:206,0
DA:211,0
DA:212,0
DA:214,0
DA:218,0
LF:60
LH:14
BRDA:93,1,0,0
BRDA:93,1,1,0
BRDA:121,2,0,0
BRDA:121,2,1,0
BRDA:139,3,0,0
BRDA:139,3,1,0
BRDA:143,4,0,0
BRDA:143,4,1,0
BRDA:190,5,0,0
BRDA:190,5,1,0
BRDA:192,6,0,0
BRDA:192,6,1,0
BRDA:196,7,0,0
BRDA:196,7,1,0
BRDA:203,8,0,0
BRDA:203,8,1,0
BRDA:211,9,0,0
BRDA:211,9,1,0
BRF:18
BRH:0
end_of_record
TN:
SF:/Users/amberleyromo/Desktop/vitamin-db/server/models/pharmacy.js
FN:12,(anonymous_1)
FN:21,(anonymous_2)
FN:23,(anonymous_3)
FNF:3
FNH:0
FNDA:0,(anonymous_1)
FNDA:0,(anonymous_2)
FNDA:0,(anonymous_3)
DA:1,1
DA:2,1
DA:4,1
DA:5,1
DA:12,1
DA:13,0
DA:21,1
DA:22,0
DA:24,0
DA:25,0
LF:10
LH:6
BRF:0
BRH:0
end_of_record
TN:
SF:/Users/amberleyromo/Desktop/vitamin-db/server/models/familymembers.js
FN:12,(anonymous_1)
FN:16,(anonymous_2)
FN:18,(anonymous_3)
FN:21,(anonymous_4)
FN:22,(anonymous_5)
FNF:5
FNH:0
FNDA:0,(anonymous_1)
FNDA:0,(anonymous_2)
FNDA:0,(anonymous_3)
FNDA:0,(anonymous_4)
FNDA:0,(anonymous_5)
DA:1,1
DA:2,1
DA:4,1
DA:5,1
DA:12,1
DA:13,0
DA:16,1
DA:17,0
DA:19,0
DA:22,0
DA:23,0
LF:11
LH:6
BRDA:23,1,0,0
BRDA:23,1,1,0
BRF:2
BRH:0
end_of_record
TN:
SF:/Users/amberleyromo/Desktop/vitamin-db/server/models/insurance.js
FN:12,(anonymous_1)
FN:16,(anonymous_2)
FN:18,(anonymous_3)
FN:21,(anonymous_4)
FN:22,(anonymous_5)
FNF:5
FNH:0
FNDA:0,(anonymous_1)
FNDA:0,(anonymous_2)
FNDA:0,(anonymous_3)
FNDA:0,(anonymous_4)
FNDA:0,(anonymous_5)
DA:1,1
DA:2,1
DA:4,1
DA:5,1
DA:12,1
DA:13,0
DA:16,1
DA:17,0
DA:19,0
DA:22,0
DA:23,0
LF:11
LH:6
BRDA:23,1,0,0
BRDA:23,1,1,0
BRF:2
BRH:0
end_of_record
TN:
SF:/Users/amberleyromo/Desktop/vitamin-db/server/models/allergy.js
FN:12,(anonymous_1)
FN:16,(anonymous_2)
FN:18,(anonymous_3)
FN:22,(anonymous_4)
FN:23,(anonymous_5)
FNF:5
FNH:0
FNDA:0,(anonymous_1)
FNDA:0,(anonymous_2)
FNDA:0,(anonymous_3)
FNDA:0,(anonymous_4)
FNDA:0,(anonymous_5)
DA:1,1
DA:2,1
DA:4,1
DA:5,1
DA:12,1
DA:13,0
DA:16,1
DA:17,0
DA:19,0
DA:20,0
DA:23,0
DA:24,0
LF:12
LH:6
BRDA:24,1,0,0
BRDA:24,1,1,0
BRF:2
BRH:0
end_of_record
TN:
SF:/Users/amberleyromo/Desktop/vitamin-db/server/models/rx.js
FN:10,(anonymous_1)
FN:18,(anonymous_2)
FN:20,(anonymous_3)
FN:21,(anonymous_4)
FN:32,(anonymous_5)
FN:34,(anonymous_6)
FN:37,(anonymous_7)
FN:40,(anonymous_8)
FN:41,(anonymous_9)
FN:52,(anonymous_10)
FN:54,(anonymous_11)
FN:64,(anonymous_12)
FN:65,(anonymous_13)
FNF:13
FNH:0
FNDA:0,(anonymous_1)
FNDA:0,(anonymous_2)
FNDA:0,(anonymous_3)
FNDA:0,(anonymous_4)
FNDA:0,(anonymous_5)
FNDA:0,(anonymous_6)
FNDA:0,(anonymous_7)
FNDA:0,(anonymous_8)
FNDA:0,(anonymous_9)
FNDA:0,(anonymous_10)
FNDA:0,(anonymous_11)
FNDA:0,(anonymous_12)
FNDA:0,(anonymous_13)
DA:1,1
DA:2,1
DA:4,1
DA:5,1
DA:10,1
DA:11,0
DA:18,1
DA:19,0
DA:21,0
DA:22,0
DA:32,1
DA:33,0
DA:35,0
DA:38,0
DA:41,0
DA:42,0
DA:52,1
DA:53,0
DA:55,0
DA:64,1
DA:65,0
DA:66,0
DA:67,0
DA:68,0
DA:69,0
DA:70,0
DA:72,0
DA:75,0
DA:78,0
LF:29
LH:9
BRDA:42,1,0,0
BRDA:42,1,1,0
BRDA:68,2,0,0
BRDA:68,2,1,0
BRDA:69,3,0,0
BRDA:69,3,1,0
BRF:6
BRH:0
end_of_record
TN:
SF:/Users/amberleyromo/Desktop/vitamin-db/server/models/familyhistory.js
FN:12,(anonymous_1)
FN:21,(anonymous_2)
FN:27,(anonymous_3)
FN:37,(anonymous_4)
FN:39,(anonymous_5)
FN:40,(anonymous_6)
FN:46,(anonymous_7)
FN:50,(anonymous_8)
FN:52,(anonymous_9)
FN:58,(anonymous_10)
FNF:10
FNH:0
FNDA:0,(anonymous_1)
FNDA:0,(anonymous_2)
FNDA:0,(anonymous_3)
FNDA:0,(anonymous_4)
FNDA:0,(anonymous_5)
FNDA:0,(anonymous_6)
FNDA:0,(anonymous_7)
FNDA:0,(anonymous_8)
FNDA:0,(anonymous_9)
FNDA:0,(anonymous_10)
DA:1,1
DA:2,1
DA:3,1
DA:5,1
DA:6,1
DA:12,1
DA:13,0
DA:21,1
DA:23,0
DA:28,0
DA:29,0
DA:37,1
DA:38,0
DA:40,0
DA:41,0
DA:46,1
DA:48,0
DA:50,0
DA:51,0
DA:53,0
DA:54,0
DA:55,0
DA:59,0
LF:23
LH:9
BRDA:41,1,0,0
BRDA:41,1,1,0
BRF:2
BRH:0
end_of_record
